01:04:29: Creating resource group General
01:04:29: Creating resource group OgreInternal
01:04:29: Creating resource group OgreAutodetect
01:04:29: Registering ResourceManager for type Mesh
01:04:29: Registering ResourceManager for type Material
01:04:29: Registering ResourceManager for type Skeleton
01:04:29: XMLMeshSerializer reading mesh data from /home/guille/CLionProjects/bugs-invasion-game/resources/tank.mesh.xml...
01:04:29: Reading geometry...
01:04:29: Geometry done...
01:04:29: Reading submeshes...
01:04:29: Submeshes done.
01:04:29: Reading mesh names...
01:04:29: Mesh names done.
01:04:29: XMLMeshSerializer import successful.
01:04:29: MeshSerializer writing mesh data to stream /home/guille/CLionProjects/bugs-invasion-game/resources/tank.mesh...
01:04:29: File header written.
01:04:29: Writing mesh data...
01:04:29: Writing submesh...
01:04:29: Exporting submesh texture aliases...
01:04:29: Submesh texture aliases exported.
01:04:29: Submesh exported.
01:04:29: Exporting bounds information....
01:04:29: Bounds information exported.
01:04:29: Exporting submesh name table...
01:04:29: Submesh name table exported.
01:04:29: Mesh data exported.
01:04:29: MeshSerializer export successful.
01:04:29: Unregistering ResourceManager for type Skeleton
01:04:29: Unregistering ResourceManager for type Material
01:04:29: Unregistering ResourceManager for type Mesh
